[{'Now': {'N': 1, 'o': 1, 'w': 1}},
 {'I': {'I': 1}},
 {'need': {'d': 1, 'e': 2, 'n': 1}},
 {'a': {'a': 1}},
 {'drink': {'d': 1, 'i': 1, 'k': 1, 'n': 1, 'r': 1}},
 {'alcoholic': {'a': 1, 'c': 2, 'h': 1, 'i': 1, 'l': 2, 'o': 2}},
 {'of': {'f': 1, 'o': 1}},
 {'course': {'c': 1, 'e': 1, 'o': 1, 'r': 1, 's': 1, 'u': 1}},
 {'after': {'a': 1, 'e': 1, 'f': 1, 'r': 1, 't': 1}},
 {'the': {'e': 1, 'h': 1, 't': 1}},
 {'heavy': {'a': 1, 'e': 1, 'h': 1, 'v': 1, 'y': 1}},
 {'lectures': {'c': 1, 'e': 2, 'l': 1, 'r': 1, 's': 1, 't': 1, 'u': 1}},
 {'involving': {'g': 1, 'i': 2, 'l': 1, 'n': 2, 'o': 1, 'v': 2}},
 {'quantum': {'a': 1, 'm': 1, 'n': 1, 'q': 1, 't': 1, 'u': 2}},
 {'mechanics': {'a': 1,
                'c': 2,
                'e': 1,
                'h': 1,
                'i': 1,
                'm': 1,
                'n': 1,
                's': 1}}]
